DiagnosticsPlugin.exe Information: 0 : [03/12/2016 11:09:44 p.m.] Starting DiagnosticPlugin.exe DiagnosticPlugin-ShutdownEvent DiagnosticPlugin-TotalShutdownEvent -wadVer1v4
DiagnosticsPlugin.exe Error: 0 : [03/12/2016 11:09:44 p.m.] Successfully saved IIS Directory state
DiagnosticsPlugin.exe Error: 0 : [03/12/2016 11:09:44 p.m.] Successfully saved IIS Directory state
DiagnosticsPlugin.exe Information: 0 : [03/12/2016 11:09:44 p.m.] Starting DiagnosticsPlugin
DiagnosticsPlugin.exe Information: 0 : [03/12/2016 11:09:44 p.m.] Emulator config file set to C:\dev\ms-20487-exam-prep\mod_10\Demos\2_AzureDiagnostics\AzureDiagnostics\csx\Debug\roles\DiagnosticsWebRole\approot\diagnostics.wadcfgx
DiagnosticsPlugin.exe Information: 0 : [03/12/2016 11:09:44 p.m.] DiagnosticsStoreRootPath set to: C:\dev\ms-20487-exam-prep\mod_10\Demos\2_AzureDiagnostics\AzureDiagnostics\csx\Debug\roles\DiagnosticsWebRole\approot
DiagnosticsPlugin.exe Information: 0 : [03/12/2016 11:09:44 p.m.] Loading config file: C:\dev\ms-20487-exam-prep\mod_10\Demos\2_AzureDiagnostics\AzureDiagnostics\csx\Debug\roles\DiagnosticsWebRole\approot\diagnostics.wadcfgx
DiagnosticsPlugin.exe Information: 0 : [03/12/2016 11:09:44 p.m.] Checking VM Type
DiagnosticsPlugin.exe Information: 0 : [03/12/2016 11:09:44 p.m.] Emulator config file set to C:\dev\ms-20487-exam-prep\mod_10\Demos\2_AzureDiagnostics\AzureDiagnostics\csx\Debug\roles\DiagnosticsWebRole\approot\diagnostics.wadcfgx
DiagnosticsPlugin.exe Information: 0 : [03/12/2016 11:09:44 p.m.] Extension set to Emulator Mode
DiagnosticsPlugin.exe Information: 0 : [03/12/2016 11:09:44 p.m.] Reading XML configuration file
DiagnosticsPlugin.exe Information: 0 : [03/12/2016 11:09:45 p.m.] Bypassing private config decryption
DiagnosticsPlugin.exe Information: 0 : [03/12/2016 11:09:45 p.m.] WadCfg is provided in initial configuration. Using that to initialize Diagnostics.
DiagnosticsPlugin.exe Information: 0 : [03/12/2016 11:09:45 p.m.] <PublicConfig xmlns="http://schemas.microsoft.com/ServiceHosting/2010/10/DiagnosticsConfiguration">
  <WadCfg>
    <DiagnosticMonitorConfiguration overallQuotaInMB="4096">
      <DiagnosticInfrastructureLogs scheduledTransferLogLevelFilter="Error" />
      <Directories scheduledTransferPeriod="PT1M">
        <IISLogs containerName="wad-iis-logfiles" />
        <FailedRequestLogs containerName="wad-failedrequestlogs" />
      </Directories>
      <PerformanceCounters scheduledTransferPeriod="PT1M">
        <PerformanceCounterConfiguration counterSpecifier="\Memory\Available MBytes" sampleRate="PT3M" />
        <PerformanceCounterConfiguration counterSpecifier="\Web Service(_Total)\ISAPI Extension Requests/sec" sampleRate="PT3M" />
        <PerformanceCounterConfiguration counterSpecifier="\Web Service(_Total)\Bytes Total/Sec" sampleRate="PT3M" />
        <PerformanceCounterConfiguration counterSpecifier="\ASP.NET Applications(__Total__)\Requests/Sec" sampleRate="PT3M" />
        <PerformanceCounterConfiguration counterSpecifier="\ASP.NET Applications(__Total__)\Errors Total/Sec" sampleRate="PT3M" />
        <PerformanceCounterConfiguration counterSpecifier="\ASP.NET\Requests Queued" sampleRate="PT3M" />
        <PerformanceCounterConfiguration counterSpecifier="\ASP.NET\Requests Rejected" sampleRate="PT3M" />
        <PerformanceCounterConfiguration counterSpecifier="\Processor(_Total)\% Processor Time" sampleRate="PT3M" />
      </PerformanceCounters>
      <WindowsEventLog scheduledTransferPeriod="PT1M">
        <DataSource name="Application!*" />
      </WindowsEventLog>
      <CrashDumps>
        <CrashDumpConfiguration processName="WaIISHost.exe" />
        <CrashDumpConfiguration processName="WaWorkerHost.exe" />
        <CrashDumpConfiguration processName="w3wp.exe" />
      </CrashDumps>
      <Logs scheduledTransferPeriod="PT1M" scheduledTransferLogLevelFilter="Verbose" />
    </DiagnosticMonitorConfiguration>
  </WadCfg>
  <StorageAccount>devstoreaccount1</StorageAccount>
</PublicConfig>
DiagnosticsPlugin.exe Information: 0 : [03/12/2016 11:09:45 p.m.] Private setting is loaded
DiagnosticsPlugin.exe Information: 0 : [03/12/2016 11:09:45 p.m.] Successfully created checkpoint file C:\dev\ms-20487-exam-prep\mod_10\Demos\2_AzureDiagnostics\AzureDiagnostics\csx\Debug\roles\DiagnosticsWebRole\approot\WAD0104\Configuration\Checkpoint.txt
DiagnosticsPlugin.exe Information: 0 : [03/12/2016 11:09:45 p.m.] Will use local resource directory C:\dev\ms-20487-exam-prep\mod_10\Demos\2_AzureDiagnostics\AzureDiagnostics\csx\Debug\roles\DiagnosticsWebRole\approot\WAD0104
DiagnosticsPlugin.exe Information: 0 : [03/12/2016 11:09:46 p.m.] Will use endpoint https://core.windows.net for storage.
DiagnosticsPlugin.exe Information: 0 : [03/12/2016 11:09:46 p.m.] Expanding path %SystemDrive%\inetpub\logs\LogFiles to C:\inetpub\logs\LogFiles
DiagnosticsPlugin.exe Information: 0 : [03/12/2016 11:09:46 p.m.] Expanding path %SystemDrive%\inetpub\logs\FailedReqLogFiles to C:\inetpub\logs\FailedReqLogFiles
DiagnosticsPlugin.exe Information: 0 : [03/12/2016 11:09:46 p.m.] Expanding path C:\Users\Jar jar\AppData\Local\dftmp\Resources\1935e168-2b03-4bd2-aef9-f2398cccd8e3\directory\DiagnosticStore\LogFiles\Web to C:\Users\Jar jar\AppData\Local\dftmp\Resources\1935e168-2b03-4bd2-aef9-f2398cccd8e3\directory\DiagnosticStore\LogFiles\Web
DiagnosticsPlugin.exe Information: 0 : [03/12/2016 11:09:46 p.m.] Expanding path C:\Users\Jar jar\AppData\Local\dftmp\Resources\1935e168-2b03-4bd2-aef9-f2398cccd8e3\directory\DiagnosticStore\FailedReqLogFiles\Web to C:\Users\Jar jar\AppData\Local\dftmp\Resources\1935e168-2b03-4bd2-aef9-f2398cccd8e3\directory\DiagnosticStore\FailedReqLogFiles\Web
DiagnosticsPlugin.exe Information: 0 : [03/12/2016 11:09:46 p.m.] Created IIS log watch item: "C:\inetpub\logs\LogFiles"
DiagnosticsPlugin.exe Information: 0 : [03/12/2016 11:09:46 p.m.] Created IIS log watch item: "C:\Users\Jar jar\AppData\Local\dftmp\Resources\1935e168-2b03-4bd2-aef9-f2398cccd8e3\directory\DiagnosticStore\LogFiles\Web"
DiagnosticsPlugin.exe Information: 0 : [03/12/2016 11:09:46 p.m.] Created IIS failed requests watch item: "C:\inetpub\logs\FailedReqLogFiles"
DiagnosticsPlugin.exe Information: 0 : [03/12/2016 11:09:46 p.m.] Created IIS failed requests watch item: "C:\Users\Jar jar\AppData\Local\dftmp\Resources\1935e168-2b03-4bd2-aef9-f2398cccd8e3\directory\DiagnosticStore\FailedReqLogFiles\Web"
DiagnosticsPlugin.exe Information: 0 : [03/12/2016 11:09:46 p.m.] Running in emulator mode, crash dumps not enabled
DiagnosticsPlugin.exe Information: 0 : [03/12/2016 11:09:47 p.m.] In emulator mode and using devstore updating XStoreAccount info, command line args: -LocalPath "C:\dev\ms-20487-exam-prep\mod_10\Demos\2_AzureDiagnostics\AzureDiagnostics\csx\Debug\roles\DiagnosticsWebRole\approot\WAD0104"  -ConfigFile "C:\dev\ms-20487-exam-prep\mod_10\Demos\2_AzureDiagnostics\AzureDiagnostics\csx\Debug\roles\DiagnosticsWebRole\approot\WAD0104\Configuration\MaConfig.xml" -ShutDownEvent WADDM-ShutDown-3d7208ba252649fab8533024f968efa1  -TotalShutDownEvent WADDM-TotalShutDown-3d7208ba252649fab8533024f968efa1 -InitializedEvent WADM-StartUp-3d7208ba252649fab8533024f968efa1 -parent 12376 -events -wadVer1v4 -UseProxyServer -XStoreAccounts WadAccount#true#devstoreaccount1#Eby8vdM02xNOcqFlqUwJPLlmEtlCDXJ1OUzFT50uSRZ6IFsuFq2UVErCz4I6tq/K1SZFPTOtr/KBHBeksoGMGw==#http://127.0.0.1:10002#http://127.0.0.1:10001#http://127.0.0.1:10000
DiagnosticsPlugin.exe Information: 0 : [03/12/2016 11:10:47 p.m.] MonAgentHost.exe started
DiagnosticsPlugin.exe Information: 0 : [03/12/2016 11:10:47 p.m.] DiagnoticsPlugin started.
DiagnosticsPlugin.exe Information: 0 : [03/12/2016 11:10:47 p.m.] DiagnoticsPlugin now waiting on events "DiagnosticPlugin-ShutdownEvent", "DiagnosticPlugin-TotalShutdownEvent" or "DiagnosticPlugin-RestartEvent".
